<?xml version="1.0" encoding="UTF-8"?>
<!-- Generated by org.testng.reporters.JUnitReportReporter -->
<testsuite hostname="DESKTOP-I10571T" failures="0" tests="1" name="com.sauceDemo.TestClasses.TC01VerifyLoginFunctionality" time="22.424" errors="0" timestamp="2022-02-17T14:31:54 IST" skipped="0">
  <testcase classname="com.sauceDemo.TestClasses.TC01VerifyLoginFunctionality" name="verityLogin" time="22.424"/>
  <system-out>
    <![CDATA[Login test case is passed]]>
  </system-out>
</testsuite> <!-- com.sauceDemo.TestClasses.TC01VerifyLoginFunctionality -->
