<?xml version="1.0" encoding="UTF-8"?>
<!-- Generated by org.testng.reporters.JUnitReportReporter -->
<testsuite hostname="DESKTOP-I10571T" failures="0" tests="1" name="com.sauceDemo.TestClasses.TC02VerifyAddToCartFunctionality" time="25.924" errors="0" timestamp="2022-02-17T14:31:54 IST" skipped="0">
  <testcase classname="com.sauceDemo.TestClasses.TC02VerifyAddToCartFunctionality" name="addtoCartFunctionality" time="25.924"/>
  <system-out>
    <![CDATA[product add to cart successfully]]>
  </system-out>
</testsuite> <!-- com.sauceDemo.TestClasses.TC02VerifyAddToCartFunctionality -->
