<?xml version="1.0" encoding="UTF-8"?>
<!-- Generated by org.testng.reporters.JUnitReportReporter -->
<testsuite hostname="DESKTOP-I10571T" failures="0" tests="1" name="com.sauceDemo.TestClasses.TC03VerifyLogOutFunctionality" time="0.678" errors="0" timestamp="2022-02-08T17:45:35 IST" skipped="0">
  <testcase classname="com.sauceDemo.TestClasses.TC03VerifyLogOutFunctionality" name="logoutfunctionality" time="0.678"/>
  <system-out/>
</testsuite> <!-- com.sauceDemo.TestClasses.TC03VerifyLogOutFunctionality -->
