<?xml version="1.0" encoding="UTF-8"?>
<!-- Generated by org.testng.reporters.JUnitReportReporter -->
<testsuite hostname="DESKTOP-I10571T" failures="0" tests="6" name="com.sauceDemo.TestClasses.TestNGKeywordsPRogram" time="0.014" errors="0" timestamp="2022-02-10T20:55:07 IST" skipped="1">
  <testcase classname="com.sauceDemo.TestClasses.TestNGKeywordsPRogram" name="methodA" time="0.008"/>
  <system-out/>
  <testcase classname="com.sauceDemo.TestClasses.TestNGKeywordsPRogram" name="methodB" time="0.002"/>
  <system-out/>
  <testcase classname="com.sauceDemo.TestClasses.TestNGKeywordsPRogram" name="methodE" time="0.001"/>
  <system-out/>
  <testcase classname="com.sauceDemo.TestClasses.TestNGKeywordsPRogram" name="methodB" time="0.002"/>
  <system-out/>
  <testcase classname="com.sauceDemo.TestClasses.TestNGKeywordsPRogram" name="methodC" time="0.001"/>
  <system-out/>
  <testcase classname="com.sauceDemo.TestClasses.TestNGKeywordsPRogram" name="methodD">
    <skipped/>
  </testcase> <!-- methodD -->
  <system-out/>
</testsuite> <!-- com.sauceDemo.TestClasses.TestNGKeywordsPRogram -->
