<?xml version="1.0" encoding="UTF-8"?>
<!-- Generated by org.testng.reporters.JUnitReportReporter -->
<testsuite hostname="DESKTOP-I10571T" failures="0" tests="1" name="com.sauceDemo.TestClasses.TC02VerifyAddToCartFunctionality" time="0.448" errors="0" timestamp="2022-02-07T17:24:24 IST" skipped="0">
  <testcase classname="com.sauceDemo.TestClasses.TC02VerifyAddToCartFunctionality" name="addtoCartFunctionality" time="0.448"/>
  <system-out/>
</testsuite> <!-- com.sauceDemo.TestClasses.TC02VerifyAddToCartFunctionality -->
