<?xml version="1.0" encoding="UTF-8"?>
<!-- Generated by org.testng.reporters.JUnitReportReporter -->
<testsuite hostname="DESKTOP-I10571T" failures="0" tests="1" name="com.sauceDemo.TestClasses.TestNGProgram1" time="0.012" errors="0" timestamp="2022-02-07T14:01:05 IST" skipped="0">
  <testcase classname="com.sauceDemo.TestClasses.TestNGProgram1" name="verifyLogin" time="0.012"/>
  <system-out/>
</testsuite> <!-- com.sauceDemo.TestClasses.TestNGProgram1 -->
