<?xml version="1.0" encoding="UTF-8"?>
<!-- Generated by org.testng.reporters.JUnitReportReporter -->
<testsuite hostname="DESKTOP-I10571T" failures="0" tests="2" name="com.sauceDemo.TestClasses.TestNGAnnontation" time="0.010" errors="0" timestamp="2022-02-07T15:46:53 IST" skipped="0">
  <testcase classname="com.sauceDemo.TestClasses.TestNGAnnontation" name="testMethod" time="0.007"/>
  <system-out/>
  <testcase classname="com.sauceDemo.TestClasses.TestNGAnnontation" name="testMethod1" time="0.003"/>
  <system-out/>
</testsuite> <!-- com.sauceDemo.TestClasses.TestNGAnnontation -->
