<?xml version="1.0" encoding="UTF-8"?>
<!-- Generated by org.testng.reporters.JUnitReportReporter -->
<testsuite hostname="DESKTOP-I10571T" failures="0" tests="1" name="com.sauceDemo.TestClasses.TC01VerifyLoginFunctionality" time="0.699" errors="0" timestamp="2022-02-08T17:41:09 IST" skipped="0">
  <testcase classname="com.sauceDemo.TestClasses.TC01VerifyLoginFunctionality" name="verityLogin" time="0.699"/>
  <system-out/>
</testsuite> <!-- com.sauceDemo.TestClasses.TC01VerifyLoginFunctionality -->
