<?xml version="1.0" encoding="UTF-8"?>
<!-- Generated by org.testng.reporters.JUnitReportReporter -->
<testsuite hostname="DESKTOP-I10571T" failures="0" tests="1" name="TestNG.TestNGProgram1" time="0.016" errors="0" timestamp="2022-02-05T14:37:47 IST" skipped="0">
  <testcase classname="TestNG.TestNGProgram1" name="method1" time="0.016"/>
  <system-out/>
</testsuite> <!-- TestNG.TestNGProgram1 -->
